<?xml version="1.0" encoding="UTF-8"?>
<!-- Generated by org.testng.reporters.JUnitReportReporter -->
<testsuite hostname="DESKTOP-8RVH9P2" name="wait_and_mouse_hover.Alertbox_Explicit_wait" tests="1" failures="0" timestamp="1 Dec 2021 02:56:53 GMT" time="8.451" errors="0">
  <testcase name="login" time="8.451" classname="wait_and_mouse_hover.Alertbox_Explicit_wait"/>
</testsuite> <!-- wait_and_mouse_hover.Alertbox_Explicit_wait -->
