<?xml version="1.0" encoding="UTF-8"?>
<!-- Generated by org.testng.reporters.JUnitReportReporter -->
<testsuite hostname="DESKTOP-8RVH9P2" name="wait_and_mouse_hover.Mouse_hover" tests="1" failures="0" timestamp="1 Dec 2021 03:16:00 GMT" time="9.071" errors="0">
  <testcase name="login" time="9.071" classname="wait_and_mouse_hover.Mouse_hover"/>
</testsuite> <!-- wait_and_mouse_hover.Mouse_hover -->
