<?xml version="1.0" encoding="UTF-8"?>
<!-- Generated by org.testng.reporters.JUnitReportReporter -->
<testsuite hostname="DESKTOP-8RVH9P2" name="wait_and_mouse_hover.Checkbox_Explicit_Wait" tests="1" failures="0" timestamp="1 Dec 2021 02:59:11 GMT" time="5.372" errors="0">
  <testcase name="login" time="5.372" classname="wait_and_mouse_hover.Checkbox_Explicit_Wait"/>
</testsuite> <!-- wait_and_mouse_hover.Checkbox_Explicit_Wait -->
