<?xml version="1.0" encoding="UTF-8"?>
<!-- Generated by org.testng.reporters.JUnitReportReporter -->
<testsuite hostname="DESKTOP-8RVH9P2" name="wait_and_mouse_hover.Radio_Button_Explicit_Wait" tests="1" failures="0" timestamp="1 Dec 2021 03:17:51 GMT" time="4.694" errors="0">
  <testcase name="login" time="4.694" classname="wait_and_mouse_hover.Radio_Button_Explicit_Wait"/>
</testsuite> <!-- wait_and_mouse_hover.Radio_Button_Explicit_Wait -->
