<?xml version="1.0" encoding="UTF-8"?>
<!-- Generated by org.testng.reporters.JUnitReportReporter -->
<testsuite hostname="DESKTOP-8RVH9P2" name="wait_and_mouse_hover.Implicit_Wait" tests="1" failures="0" timestamp="1 Dec 2021 03:13:54 GMT" time="12.990" errors="0">
  <testcase name="login" time="12.990" classname="wait_and_mouse_hover.Implicit_Wait"/>
</testsuite> <!-- wait_and_mouse_hover.Implicit_Wait -->
