<?xml version="1.0" encoding="UTF-8"?>
<!-- Generated by org.testng.reporters.JUnitReportReporter -->
<testsuite hostname="DESKTOP-8RVH9P2" name="wait_and_mouse_hover.Drag_and_Drop" tests="1" failures="0" timestamp="1 Dec 2021 03:00:50 GMT" time="6.683" errors="0">
  <testcase name="login" time="6.683" classname="wait_and_mouse_hover.Drag_and_Drop"/>
</testsuite> <!-- wait_and_mouse_hover.Drag_and_Drop -->
